<?xml version="1.0" encoding="UTF-8"?>
<testsuite xmlns:xsi="http://www.w3.org/2001/XMLSchema-instance" xsi:noNamespaceSchemaLocation="https://maven.apache.org/surefire/maven-surefire-plugin/xsd/surefire-test-report.xsd" name="test.test.AppTest" time="0.032" tests="1" errors="0" skipped="0" failures="0">
  <properties>
    <property name="java.specification.version" value="17"/>
    <property name="sun.cpu.isalist" value="amd64"/>
    <property name="sun.jnu.encoding" value="Cp1252"/>
    <property name="java.class.path" value="G:\michigan\independentstudy\test\target\test-classes;G:\michigan\independentstudy\test\target\classes;C:\Users\Nour&apos;s\.m2\repository\junit\junit\4.11\junit-4.11.jar;C:\Users\Nour&apos;s\.m2\repository\org\hamcrest\hamcrest-core\1.3\hamcrest-core-1.3.jar;C:\Users\Nour&apos;s\.m2\repository\com\github\gumtreediff\core\3.0.0\core-3.0.0.jar;C:\Users\Nour&apos;s\.m2\repository\com\github\mpkorstanje\simmetrics-core\3.2.3\simmetrics-core-3.2.3.jar;C:\Users\Nour&apos;s\.m2\repository\commons-codec\commons-codec\1.10\commons-codec-1.10.jar;C:\Users\Nour&apos;s\.m2\repository\it\unimi\dsi\fastutil\8.3.1\fastutil-8.3.1.jar;C:\Users\Nour&apos;s\.m2\repository\com\google\code\gson\gson\2.8.2\gson-2.8.2.jar;C:\Users\Nour&apos;s\.m2\repository\org\jgrapht\jgrapht-core\1.5.1\jgrapht-core-1.5.1.jar;C:\Users\Nour&apos;s\.m2\repository\org\jheaps\jheaps\0.13\jheaps-0.13.jar;C:\Users\Nour&apos;s\.m2\repository\org\atteo\classindex\classindex-transformer\3.8\classindex-transformer-3.8.jar;C:\Users\Nour&apos;s\.m2\repository\org\atteo\classindex\classindex\3.10\classindex-3.10.jar;C:\Users\Nour&apos;s\.m2\repository\com\github\javaparser\javaparser-symbol-solver-model\3.15.15\javaparser-symbol-solver-model-3.15.15.jar;C:\Users\Nour&apos;s\.m2\repository\com\github\javaparser\javaparser-core\3.15.15\javaparser-core-3.15.15.jar;C:\Users\Nour&apos;s\.m2\repository\org\javassist\javassist\3.24.0-GA\javassist-3.24.0-GA.jar;C:\Users\Nour&apos;s\.m2\repository\com\google\guava\guava\27.0-jre\guava-27.0-jre.jar;C:\Users\Nour&apos;s\.m2\repository\com\google\guava\failureaccess\1.0\failureaccess-1.0.jar;C:\Users\Nour&apos;s\.m2\repository\com\google\guava\listenablefuture\9999.0-empty-to-avoid-conflict-with-guava\listenablefuture-9999.0-empty-to-avoid-conflict-with-guava.jar;C:\Users\Nour&apos;s\.m2\repository\com\google\code\findbugs\jsr305\3.0.2\jsr305-3.0.2.jar;C:\Users\Nour&apos;s\.m2\repository\org\checkerframework\checker-qual\2.5.2\checker-qual-2.5.2.jar;C:\Users\Nour&apos;s\.m2\repository\com\google\errorprone\error_prone_annotations\2.2.0\error_prone_annotations-2.2.0.jar;C:\Users\Nour&apos;s\.m2\repository\com\google\j2objc\j2objc-annotations\1.1\j2objc-annotations-1.1.jar;C:\Users\Nour&apos;s\.m2\repository\org\codehaus\mojo\animal-sniffer-annotations\1.17\animal-sniffer-annotations-1.17.jar;C:\Users\Nour&apos;s\.m2\repository\com\github\gumtreediff\gen.python\3.0.0\gen.python-3.0.0.jar;C:\Users\Nour&apos;s\.m2\repository\com\github\gumtreediff\gen.javaparser\3.0.0\gen.javaparser-3.0.0.jar;C:\Users\Nour&apos;s\.m2\repository\com\github\javaparser\javaparser-symbol-solver-core\3.18.0\javaparser-symbol-solver-core-3.18.0.jar;"/>
    <property name="java.vm.vendor" value="Eclipse Adoptium"/>
    <property name="sun.arch.data.model" value="64"/>
    <property name="user.variant" value=""/>
    <property name="java.vendor.url" value="https://adoptium.net/"/>
    <property name="user.timezone" value="America/New_York"/>
    <property name="os.name" value="Windows 10"/>
    <property name="java.vm.specification.version" value="17"/>
    <property name="sun.java.launcher" value="SUN_STANDARD"/>
    <property name="user.country" value="US"/>
    <property name="sun.boot.library.path" value="C:\Users\Nour&apos;s\.p2\pool\plugins\org.eclipse.justj.openjdk.hotspot.jre.full.win32.x86_64_17.0.2.v20220201-1208\jre\bin"/>
    <property name="sun.java.command" value="C:\Users\Nour&apos;s\AppData\Local\Temp\surefire1305275364228822833\surefirebooter776044568567728781.jar C:\Users\Nour&apos;s\AppData\Local\Temp\surefire1305275364228822833 2022-03-25T22-20-57_697-jvmRun1 surefire1791574068739419306tmp surefire_07492165299009614337tmp"/>
    <property name="jdk.debug" value="release"/>
    <property name="surefire.test.class.path" value="G:\michigan\independentstudy\test\target\test-classes;G:\michigan\independentstudy\test\target\classes;C:\Users\Nour&apos;s\.m2\repository\junit\junit\4.11\junit-4.11.jar;C:\Users\Nour&apos;s\.m2\repository\org\hamcrest\hamcrest-core\1.3\hamcrest-core-1.3.jar;C:\Users\Nour&apos;s\.m2\repository\com\github\gumtreediff\core\3.0.0\core-3.0.0.jar;C:\Users\Nour&apos;s\.m2\repository\com\github\mpkorstanje\simmetrics-core\3.2.3\simmetrics-core-3.2.3.jar;C:\Users\Nour&apos;s\.m2\repository\commons-codec\commons-codec\1.10\commons-codec-1.10.jar;C:\Users\Nour&apos;s\.m2\repository\it\unimi\dsi\fastutil\8.3.1\fastutil-8.3.1.jar;C:\Users\Nour&apos;s\.m2\repository\com\google\code\gson\gson\2.8.2\gson-2.8.2.jar;C:\Users\Nour&apos;s\.m2\repository\org\jgrapht\jgrapht-core\1.5.1\jgrapht-core-1.5.1.jar;C:\Users\Nour&apos;s\.m2\repository\org\jheaps\jheaps\0.13\jheaps-0.13.jar;C:\Users\Nour&apos;s\.m2\repository\org\atteo\classindex\classindex-transformer\3.8\classindex-transformer-3.8.jar;C:\Users\Nour&apos;s\.m2\repository\org\atteo\classindex\classindex\3.10\classindex-3.10.jar;C:\Users\Nour&apos;s\.m2\repository\com\github\javaparser\javaparser-symbol-solver-model\3.15.15\javaparser-symbol-solver-model-3.15.15.jar;C:\Users\Nour&apos;s\.m2\repository\com\github\javaparser\javaparser-core\3.15.15\javaparser-core-3.15.15.jar;C:\Users\Nour&apos;s\.m2\repository\org\javassist\javassist\3.24.0-GA\javassist-3.24.0-GA.jar;C:\Users\Nour&apos;s\.m2\repository\com\google\guava\guava\27.0-jre\guava-27.0-jre.jar;C:\Users\Nour&apos;s\.m2\repository\com\google\guava\failureaccess\1.0\failureaccess-1.0.jar;C:\Users\Nour&apos;s\.m2\repository\com\google\guava\listenablefuture\9999.0-empty-to-avoid-conflict-with-guava\listenablefuture-9999.0-empty-to-avoid-conflict-with-guava.jar;C:\Users\Nour&apos;s\.m2\repository\com\google\code\findbugs\jsr305\3.0.2\jsr305-3.0.2.jar;C:\Users\Nour&apos;s\.m2\repository\org\checkerframework\checker-qual\2.5.2\checker-qual-2.5.2.jar;C:\Users\Nour&apos;s\.m2\repository\com\google\errorprone\error_prone_annotations\2.2.0\error_prone_annotations-2.2.0.jar;C:\Users\Nour&apos;s\.m2\repository\com\google\j2objc\j2objc-annotations\1.1\j2objc-annotations-1.1.jar;C:\Users\Nour&apos;s\.m2\repository\org\codehaus\mojo\animal-sniffer-annotations\1.17\animal-sniffer-annotations-1.17.jar;C:\Users\Nour&apos;s\.m2\repository\com\github\gumtreediff\gen.python\3.0.0\gen.python-3.0.0.jar;C:\Users\Nour&apos;s\.m2\repository\com\github\gumtreediff\gen.javaparser\3.0.0\gen.javaparser-3.0.0.jar;C:\Users\Nour&apos;s\.m2\repository\com\github\javaparser\javaparser-symbol-solver-core\3.18.0\javaparser-symbol-solver-core-3.18.0.jar;"/>
    <property name="sun.cpu.endian" value="little"/>
    <property name="user.home" value="C:\Users\Nour&apos;s"/>
    <property name="user.language" value="en"/>
    <property name="java.specification.vendor" value="Oracle Corporation"/>
    <property name="java.version.date" value="2022-01-18"/>
    <property name="java.home" value="C:\Users\Nour&apos;s\.p2\pool\plugins\org.eclipse.justj.openjdk.hotspot.jre.full.win32.x86_64_17.0.2.v20220201-1208\jre"/>
    <property name="file.separator" value="\"/>
    <property name="basedir" value="G:\michigan\independentstudy\test"/>
    <property name="java.vm.compressedOopsMode" value="Zero based"/>
    <property name="line.separator" value="&#10;"/>
    <property name="java.vm.specification.vendor" value="Oracle Corporation"/>
    <property name="java.specification.name" value="Java Platform API Specification"/>
    <property name="surefire.real.class.path" value="C:\Users\Nour&apos;s\AppData\Local\Temp\surefire1305275364228822833\surefirebooter776044568567728781.jar"/>
    <property name="user.script" value=""/>
    <property name="sun.management.compiler" value="HotSpot 64-Bit Tiered Compilers"/>
    <property name="java.runtime.version" value="17.0.2+8"/>
    <property name="user.name" value="Nour&apos;s"/>
    <property name="path.separator" value=";"/>
    <property name="os.version" value="10.0"/>
    <property name="java.runtime.name" value="OpenJDK Runtime Environment"/>
    <property name="file.encoding" value="Cp1252"/>
    <property name="java.vm.name" value="OpenJDK 64-Bit Server VM"/>
    <property name="java.vendor.version" value="Temurin-17.0.2+8"/>
    <property name="localRepository" value="C:\Users\Nour&apos;s\.m2\repository"/>
    <property name="java.vendor.url.bug" value="https://github.com/adoptium/adoptium-support/issues"/>
    <property name="java.io.tmpdir" value="C:\Users\Nour&apos;s\AppData\Local\Temp\"/>
    <property name="java.version" value="17.0.2"/>
    <property name="user.dir" value="G:\michigan\independentstudy\test"/>
    <property name="os.arch" value="amd64"/>
    <property name="java.vm.specification.name" value="Java Virtual Machine Specification"/>
    <property name="sun.os.patch.level" value=""/>
    <property name="native.encoding" value="Cp1252"/>
    <property name="java.library.path" value="C:\Users\Nour&apos;s\.p2\pool\plugins\org.eclipse.justj.openjdk.hotspot.jre.full.win32.x86_64_17.0.2.v20220201-1208\jre\bin;C:\Windows\Sun\Java\bin;C:\Windows\system32;C:\Windows;C:/Users/Nour&apos;s/.p2/pool/plugins/org.eclipse.justj.openjdk.hotspot.jre.full.win32.x86_64_17.0.2.v20220201-1208/jre/bin/server;C:/Users/Nour&apos;s/.p2/pool/plugins/org.eclipse.justj.openjdk.hotspot.jre.full.win32.x86_64_17.0.2.v20220201-1208/jre/bin;C:\Program Files\Common Files\Oracle\Java\javapath;C:\Windows\system32;C:\Windows;C:\Windows\System32\Wbem;C:\Windows\System32\WindowsPowerShell\v1.0\;C:\Windows\System32\OpenSSH\;C:\Program Files\PuTTY\;C:\Program Files\Git\cmd;C:\Program Files\nodejs\;C:\Users\Nour&apos;s\AppData\Local\Programs\Python\Python310;C:\Users\Nour&apos;s\AppData\Local\Microsoft\WindowsApps;C:\Users\Nour&apos;s\AppData\Local\Programs\Microsoft VS Code\bin;C:\Users\Nour&apos;s\AppData\Local\Programs\Python\Python310\Scripts;C:\Users\Nour&apos;s\AppData\Roaming\npm;C:\Users\Nour&apos;s\AppData\Local\Programs\Python\Python310;G:\michigan\independentstudy\pythonparser;C:\Program Files\Java\jdk-11.0.14;C:\Program Files\Git\bin;C:\Program Files\Git\cmd;G:\michigan\independentstudy\pythonparser;;C:\Users\Nour&apos;s\eclipse\java-2021-123\eclipse;;."/>
    <property name="java.vm.info" value="mixed mode"/>
    <property name="java.vendor" value="Eclipse Adoptium"/>
    <property name="java.vm.version" value="17.0.2+8"/>
    <property name="sun.io.unicode.encoding" value="UnicodeLittle"/>
    <property name="java.class.version" value="61.0"/>
  </properties>
  <testcase name="shouldAnswerWithTrue" classname="test.test.AppTest" time="0.002"/>
</testsuite>